[2024-11-04 13:38:55,389] 17 root - INFO - data loading started...
[2024-11-04 13:38:57,849] 20 root - INFO - data loading completed...
[2024-11-04 13:39:00,361] 21 root - INFO - embeDDIng starteD
[2024-11-04 13:39:00,377] 27 root - INFO - vectorstore starteD
[2024-11-04 13:44:57,782] 17 root - INFO - data loading started...
[2024-11-04 13:44:58,368] 20 root - INFO - data loading completed...
[2024-11-04 13:45:00,639] 21 root - INFO - embeDDIng starteD
[2024-11-04 13:54:25,982] 17 root - INFO - data loading started...
[2024-11-04 13:54:26,585] 20 root - INFO - data loading completed...
[2024-11-04 13:54:28,441] 21 root - INFO - embeDDIng starteD
[2024-11-04 13:55:41,336] 17 root - INFO - data loading started...
[2024-11-04 13:55:41,906] 20 root - INFO - data loading completed...
[2024-11-04 13:55:43,969] 21 root - INFO - embeDDIng starteD
[2024-11-04 13:55:43,985] 27 root - INFO - vectorstore starteD
[2024-11-04 13:55:51,658] 31 root - INFO - query engine starteD
[2024-11-04 13:56:08,016] 17 root - INFO - data loading started...
[2024-11-04 13:56:08,604] 20 root - INFO - data loading completed...
[2024-11-04 13:56:10,342] 21 root - INFO - embeDDIng starteD
[2024-11-04 13:56:10,352] 27 root - INFO - vectorstore starteD
[2024-11-04 13:56:16,533] 31 root - INFO - query engine starteD
[2024-11-04 13:56:56,103] 17 root - INFO - data loading started...
[2024-11-04 13:56:56,356] 20 root - INFO - data loading completed...
[2024-11-04 13:56:58,231] 21 root - INFO - embeDDIng starteD
[2024-11-04 13:56:58,247] 27 root - INFO - vectorstore starteD
[2024-11-04 13:57:06,283] 31 root - INFO - query engine starteD
[2024-11-04 13:57:26,145] 17 root - INFO - data loading started...
[2024-11-04 13:57:26,719] 20 root - INFO - data loading completed...
[2024-11-04 13:57:28,658] 21 root - INFO - embeDDIng starteD
[2024-11-04 13:57:28,668] 27 root - INFO - vectorstore starteD
[2024-11-04 13:57:36,197] 31 root - INFO - query engine starteD
[2024-11-04 13:58:04,780] 17 root - INFO - data loading started...
[2024-11-04 13:58:05,345] 20 root - INFO - data loading completed...
[2024-11-04 13:58:07,196] 21 root - INFO - embeDDIng starteD
[2024-11-04 13:58:07,203] 27 root - INFO - vectorstore starteD
[2024-11-04 13:58:14,127] 31 root - INFO - query engine starteD
